#
# A fatal error has been detected by the Java Runtime Environment:
#
#  EXCEPTION_ACCESS_VIOLATION (0xc0000005) at pc=0x00000000607d4dfb, pid=7580, tid=0x0000000000003c58
#
# JRE version: Java(TM) SE Runtime Environment (8.0_121-b13) (build 1.8.0_121-b13)
# Java VM: Java HotSpot(TM) 64-Bit Server VM (25.121-b13 mixed mode windows-amd64 compressed oops)
# Problematic frame:
# V  [jvm.dll+0x114dfb]
#
# Failed to write core dump. Minidumps are not enabled by default on client versions of Windows
#
# If you would like to submit a bug report, please visit:
#   http://bugreport.java.com/bugreport/crash.jsp
#

---------------  T H R E A D  ---------------

Current thread (0x0000000004737000):  GCTaskThread [stack: 0x0000000013fa0000,0x00000000140a0000] [id=15448]

siginfo: ExceptionCode=0xc0000005, reading address 0x0000000000000008

Registers:
RAX=0x00000000143a0000, RBX=0x00000000c2be8158, RCX=0x0000000000000003, RDX=0x0000000000000001
RSP=0x000000001409f270, RBP=0x00000000c2bf8150, RSI=0x000000000480ac90, RDI=0x000000000480ac90
R8 =0x0000000000000000, R9 =0x000000010026dbb8, R10=0x000000000000000c, R11=0x0000000060cc1018
R12=0x00000000c2bf8154, R13=0x000000010026de00, R14=0x000000010026de08, R15=0x00000000c2bf8140
RIP=0x00000000607d4dfb, EFLAGS=0x0000000000010246

Top of Stack: (sp=0x000000001409f270)
0x000000001409f270:   000000010026dbb8 00000000c2bf813c
0x000000001409f280:   0000000000000003 00000000608dd532
0x000000001409f290:   0000000000000000 00000000000003d8
0x000000001409f2a0:   0000000004737978 000000000472f250
0x000000001409f2b0:   000000000000101f 0000000060ab7e60
0x000000001409f2c0:   00000000173d9138 0000000016ce5780
0x000000001409f2d0:   000000000480ac90 00000000047375a0
0x000000001409f2e0:   00000284000005f5 0000000000000c00
0x000000001409f2f0:   0000000000000000 0000000000000000
0x000000001409f300:   0000000000000000 000000000489e000
0x000000001409f310:   0000000004737501 0000000004737501
0x000000001409f320:   0000ee319d2eb635 0000000004737978
0x000000001409f330:   00000000047375a0 00000000000003d8
0x000000001409f340:   00000000047375a0 000000000472f250
0x000000001409f350:   0000000004737590 0000000016ce5780
0x000000001409f360:   000000000480ac90 0000000060ab4da3 

Instructions: (pc=0x00000000607d4dfb)
0x00000000607d4ddb:   6f 00 84 d2 74 16 44 8b 43 08 8b 0d bd a9 68 00
0x00000000607d4deb:   49 d3 e0 4c 03 05 ab a9 68 00 eb 04 4c 8b 43 08
0x00000000607d4dfb:   45 8b 48 08 45 85 c9 7e 0c 41 f6 c1 01 75 4b 41
0x00000000607d4e0b:   c1 f9 03 eb 57 79 43 84 d2 41 8b c9 b8 10 00 00 


Register to memory mapping:

RAX=0x00000000143a0000 is an unknown value
RBX=0x00000000c2be8158 is pointing into object: 0x00000000c2be8108
java.lang.Class 
 - klass: 'java/lang/Class'
RCX=0x0000000000000003 is an unknown value
RDX=0x0000000000000001 is an unknown value
RSP=0x000000001409f270 is an unknown value
RBP=0x00000000c2bf8150 is pointing into object: 0x00000000c2bf8140
org.gradle.model.internal.type.ClassTypeWrapper 
 - klass: 'org/gradle/model/internal/type/ClassTypeWrapper'
RSI=0x000000000480ac90 is an unknown value
RDI=0x000000000480ac90 is an unknown value
R8 =0x0000000000000000 is an unknown value
R9 =0x000000010026dbb8 is pointing into metadata
R10=0x000000000000000c is an unknown value
R11=0x0000000060cc1018 is an unknown value
R12=0x00000000c2bf8154 is pointing into object: 0x00000000c2bf8140
org.gradle.model.internal.type.ClassTypeWrapper 
 - klass: 'org/gradle/model/internal/type/ClassTypeWrapper'
R13=0x000000010026de00 is pointing into metadata
R14=0x000000010026de08 is pointing into metadata
R15=0x00000000c2bf8140 is an oop
org.gradle.model.internal.type.ClassTypeWrapper 
 - klass: 'org/gradle/model/internal/type/ClassTypeWrapper'


Stack: [0x0000000013fa0000,0x00000000140a0000],  sp=0x000000001409f270,  free space=1020k
Native frames: (J=compiled Java code, j=interpreted, Vv=VM code, C=native code)
V  [jvm.dll+0x114dfb]
V  [jvm.dll+0x3f7e60]
V  [jvm.dll+0x3f4da3]
V  [jvm.dll+0x3f2b8e]
V  [jvm.dll+0x29c69a]
C  [msvcr100.dll+0x21d9f]
C  [msvcr100.dll+0x21e3b]
C  [KERNEL32.DLL+0x11fe4]
C  [ntdll.dll+0x6f061]


---------------  P R O C E S S  ---------------

Java Threads: ( => current thread )
  0x000000001e0a9800 JavaThread "File lock request listener" [_thread_in_native, id=10728, stack(0x00000000197d0000,0x00000000198d0000)]
  0x0000000019ebc000 JavaThread "pool-1-thread-1" [_thread_blocked, id=13108, stack(0x00000000196a0000,0x00000000197a0000)]
  0x00000000188d8800 JavaThread "Service Thread" daemon [_thread_blocked, id=2904, stack(0x0000000018c80000,0x0000000018d80000)]
  0x0000000016e16800 JavaThread "C1 CompilerThread2" daemon [_thread_blocked, id=14324, stack(0x0000000018780000,0x0000000018880000)]
  0x0000000016e13800 JavaThread "C2 CompilerThread1" daemon [_thread_blocked, id=14760, stack(0x0000000018680000,0x0000000018780000)]
  0x0000000016e10800 JavaThread "C2 CompilerThread0" daemon [_thread_blocked, id=6808, stack(0x0000000018580000,0x0000000018680000)]
  0x0000000016e0d000 JavaThread "Attach Listener" daemon [_thread_blocked, id=11260, stack(0x0000000018480000,0x0000000018580000)]
  0x0000000016e0c000 JavaThread "Signal Dispatcher" daemon [_thread_blocked, id=10740, stack(0x0000000018380000,0x0000000018480000)]
  0x000000000481a000 JavaThread "Finalizer" daemon [_thread_blocked, id=12252, stack(0x0000000018090000,0x0000000018190000)]
  0x0000000004811000 JavaThread "Reference Handler" daemon [_thread_blocked, id=16288, stack(0x0000000017f90000,0x0000000018090000)]
  0x000000000489e000 JavaThread "main" [_thread_blocked, id=4836, stack(0x0000000002e60000,0x0000000002f60000)]

Other Threads:
  0x0000000016dd7000 VMThread [stack: 0x0000000017e90000,0x0000000017f90000] [id=12356]
  0x00000000188dc000 WatcherThread [stack: 0x0000000018d80000,0x0000000018e80000] [id=13640]

=>0x0000000004737000 (exited) GCTaskThread [stack: 0x0000000013fa0000,0x00000000140a0000] [id=15448]

VM state:at safepoint (normal execution)

VM Mutex/Monitor currently owned by a thread:  ([mutex/lock_event])
[0x000000000489cf40] Threads_lock - owner thread: 0x0000000016dd7000
[0x000000000489c8c0] Heap_lock - owner thread: 0x000000000489e000

Heap:
 PSYoungGen      total 194560K, used 4204K [0x00000000eb700000, 0x00000000f8400000, 0x0000000100000000)
  eden space 185344K, 0% used [0x00000000eb700000,0x00000000eb700000,0x00000000f6c00000)
  from space 9216K, 45% used [0x00000000f7b00000,0x00000000f7f1b170,0x00000000f8400000)
  to   space 12288K, 0% used [0x00000000f6c00000,0x00000000f6c00000,0x00000000f7800000)
 ParOldGen       total 55808K, used 48146K [0x00000000c2400000, 0x00000000c5a80000, 0x00000000eb700000)
  object space 55808K, 86% used [0x00000000c2400000,0x00000000c5304b58,0x00000000c5a80000)
 Metaspace       used 53212K, capacity 55084K, committed 55424K, reserved 1097728K
  class space    used 7202K, capacity 7686K, committed 7808K, reserved 1048576K

Card table byte_map: [0x0000000013c60000,0x0000000013e50000] byte_map_base: 0x000000001364e000

Marking Bits: (ParMarkBitMap*) 0x0000000060edb6d0
 Begin Bits: [0x00000000143a0000, 0x0000000015310000)
 End Bits:   [0x0000000015310000, 0x0000000016280000)

Polling page: 0x0000000002a20000

CodeCache: size=245760Kb used=29222Kb max_used=29231Kb free=216537Kb
 bounds [0x00000000048a0000, 0x0000000006550000, 0x00000000138a0000]
 total_blobs=8770 nmethods=8045 adapters=637
 compilation: enabled

Compilation events (10 events):
Event: 79.776 Thread 0x0000000016e10800 nmethod 8893 0x0000000006543510 code [0x0000000006543680, 0x0000000006543bb8]
Event: 79.778 Thread 0x0000000016e13800 nmethod 8892 0x00000000065457d0 code [0x0000000006545960, 0x0000000006546098]
Event: 80.639 Thread 0x0000000016e16800 8894       1       com.android.builder.internal.packaging.zip.ProcessedAndRawByteSources::getProcessedByteSource (5 bytes)
Event: 80.640 Thread 0x0000000016e16800 nmethod 8894 0x0000000006540190 code [0x00000000065402e0, 0x00000000065403f0]
Event: 80.640 Thread 0x0000000016e16800 8895       1       com.android.builder.internal.packaging.zip.StoredEntry::access$000 (5 bytes)
Event: 80.640 Thread 0x0000000016e16800 nmethod 8895 0x0000000006542090 code [0x00000000065421e0, 0x00000000065422d0]
Event: 80.640 Thread 0x0000000016e16800 8896       3       org.apache.commons.codec.binary.Base64::isBase64 (33 bytes)
Event: 80.640 Thread 0x0000000016e16800 nmethod 8896 0x0000000006538250 code [0x00000000065383c0, 0x0000000006538610]
Event: 80.640 Thread 0x0000000016e16800 8897       3       org.apache.commons.codec.binary.Base64::getEncodeLength (81 bytes)
Event: 80.641 Thread 0x0000000016e16800 nmethod 8897 0x0000000006545110 code [0x0000000006545280, 0x0000000006545610]

GC Heap History (10 events):
Event: 60.024 GC heap after
Heap after GC invocations=16 (full 2):
 PSYoungGen      total 129024K, used 10370K [0x00000000eb700000, 0x00000000f4380000, 0x0000000100000000)
  eden space 118272K, 0% used [0x00000000eb700000,0x00000000eb700000,0x00000000f2a80000)
  from space 10752K, 96% used [0x00000000f3900000,0x00000000f4320ba8,0x00000000f4380000)
  to   space 12800K, 0% used [0x00000000f2a80000,0x00000000f2a80000,0x00000000f3700000)
 ParOldGen       total 55808K, used 18891K [0x00000000c2400000, 0x00000000c5a80000, 0x00000000eb700000)
  object space 55808K, 33% used [0x00000000c2400000,0x00000000c3672ce0,0x00000000c5a80000)
 Metaspace       used 45899K, capacity 46994K, committed 47360K, reserved 1089536K
  class space    used 6262K, capacity 6545K, committed 6656K, reserved 1048576K
}
Event: 64.187 GC heap before
{Heap before GC invocations=17 (full 2):
 PSYoungGen      total 129024K, used 128642K [0x00000000eb700000, 0x00000000f4380000, 0x0000000100000000)
  eden space 118272K, 100% used [0x00000000eb700000,0x00000000f2a80000,0x00000000f2a80000)
  from space 10752K, 96% used [0x00000000f3900000,0x00000000f4320ba8,0x00000000f4380000)
  to   space 12800K, 0% used [0x00000000f2a80000,0x00000000f2a80000,0x00000000f3700000)
 ParOldGen       total 55808K, used 18891K [0x00000000c2400000, 0x00000000c5a80000, 0x00000000eb700000)
  object space 55808K, 33% used [0x00000000c2400000,0x00000000c3672ce0,0x00000000c5a80000)
 Metaspace       used 48896K, capacity 50266K, committed 50304K, reserved 1093632K
  class space    used 6672K, capacity 7035K, committed 7040K, reserved 1048576K
Event: 64.234 GC heap after
Heap after GC invocations=17 (full 2):
 PSYoungGen      total 131072K, used 10357K [0x00000000eb700000, 0x00000000f6e80000, 0x0000000100000000)
  eden space 118272K, 0% used [0x00000000eb700000,0x00000000eb700000,0x00000000f2a80000)
  from space 12800K, 80% used [0x00000000f2a80000,0x00000000f349d758,0x00000000f3700000)
  to   space 13824K, 0% used [0x00000000f6100000,0x00000000f6100000,0x00000000f6e80000)
 ParOldGen       total 55808K, used 27543K [0x00000000c2400000, 0x00000000c5a80000, 0x00000000eb700000)
  object space 55808K, 49% used [0x00000000c2400000,0x00000000c3ee5f90,0x00000000c5a80000)
 Metaspace       used 48896K, capacity 50266K, committed 50304K, reserved 1093632K
  class space    used 6672K, capacity 7035K, committed 7040K, reserved 1048576K
}
Event: 69.608 GC heap before
{Heap before GC invocations=18 (full 2):
 PSYoungGen      total 131072K, used 128629K [0x00000000eb700000, 0x00000000f6e80000, 0x0000000100000000)
  eden space 118272K, 100% used [0x00000000eb700000,0x00000000f2a80000,0x00000000f2a80000)
  from space 12800K, 80% used [0x00000000f2a80000,0x00000000f349d758,0x00000000f3700000)
  to   space 13824K, 0% used [0x00000000f6100000,0x00000000f6100000,0x00000000f6e80000)
 ParOldGen       total 55808K, used 27543K [0x00000000c2400000, 0x00000000c5a80000, 0x00000000eb700000)
  object space 55808K, 49% used [0x00000000c2400000,0x00000000c3ee5f90,0x00000000c5a80000)
 Metaspace       used 49824K, capacity 51222K, committed 51456K, reserved 1093632K
  class space    used 6779K, capacity 7155K, committed 7168K, reserved 1048576K
Event: 69.639 GC heap after
Heap after GC invocations=18 (full 2):
 PSYoungGen      total 165888K, used 7308K [0x00000000eb700000, 0x00000000f6980000, 0x0000000100000000)
  eden space 157184K, 0% used [0x00000000eb700000,0x00000000eb700000,0x00000000f5080000)
  from space 8704K, 83% used [0x00000000f6100000,0x00000000f6823258,0x00000000f6980000)
  to   space 12800K, 0% used [0x00000000f5080000,0x00000000f5080000,0x00000000f5d00000)
 ParOldGen       total 55808K, used 35914K [0x00000000c2400000, 0x00000000c5a80000, 0x00000000eb700000)
  object space 55808K, 64% used [0x00000000c2400000,0x00000000c4712ac8,0x00000000c5a80000)
 Metaspace       used 49824K, capacity 51222K, committed 51456K, reserved 1093632K
  class space    used 6779K, capacity 7155K, committed 7168K, reserved 1048576K
}
Event: 76.721 GC heap before
{Heap before GC invocations=19 (full 2):
 PSYoungGen      total 165888K, used 164492K [0x00000000eb700000, 0x00000000f6980000, 0x0000000100000000)
  eden space 157184K, 100% used [0x00000000eb700000,0x00000000f5080000,0x00000000f5080000)
  from space 8704K, 83% used [0x00000000f6100000,0x00000000f6823258,0x00000000f6980000)
  to   space 12800K, 0% used [0x00000000f5080000,0x00000000f5080000,0x00000000f5d00000)
 ParOldGen       total 55808K, used 35914K [0x00000000c2400000, 0x00000000c5a80000, 0x00000000eb700000)
  object space 55808K, 64% used [0x00000000c2400000,0x00000000c4712ac8,0x00000000c5a80000)
 Metaspace       used 51942K, capacity 53674K, committed 53888K, reserved 1095680K
  class space    used 7035K, capacity 7519K, committed 7552K, reserved 1048576K
Event: 76.745 GC heap after
Heap after GC invocations=19 (full 2):
 PSYoungGen      total 169984K, used 7303K [0x00000000eb700000, 0x00000000f8780000, 0x0000000100000000)
  eden space 157184K, 0% used [0x00000000eb700000,0x00000000eb700000,0x00000000f5080000)
  from space 12800K, 57% used [0x00000000f5080000,0x00000000f57a1c48,0x00000000f5d00000)
  to   space 12800K, 0% used [0x00000000f7b00000,0x00000000f7b00000,0x00000000f8780000)
 ParOldGen       total 55808K, used 42486K [0x00000000c2400000, 0x00000000c5a80000, 0x00000000eb700000)
  object space 55808K, 76% used [0x00000000c2400000,0x00000000c4d7daf8,0x00000000c5a80000)
 Metaspace       used 51942K, capacity 53674K, committed 53888K, reserved 1095680K
  class space    used 7035K, capacity 7519K, committed 7552K, reserved 1048576K
}
Event: 80.733 GC heap before
{Heap before GC invocations=20 (full 2):
 PSYoungGen      total 169984K, used 162219K [0x00000000eb700000, 0x00000000f8780000, 0x0000000100000000)
  eden space 157184K, 98% used [0x00000000eb700000,0x00000000f4e490c0,0x00000000f5080000)
  from space 12800K, 57% used [0x00000000f5080000,0x00000000f57a1c48,0x00000000f5d00000)
  to   space 12800K, 0% used [0x00000000f7b00000,0x00000000f7b00000,0x00000000f8780000)
 ParOldGen       total 55808K, used 42486K [0x00000000c2400000, 0x00000000c5a80000, 0x00000000eb700000)
  object space 55808K, 76% used [0x00000000c2400000,0x00000000c4d7daf8,0x00000000c5a80000)
 Metaspace       used 53212K, capacity 55084K, committed 55424K, reserved 1097728K
  class space    used 7202K, capacity 7686K, committed 7808K, reserved 1048576K
Event: 80.750 GC heap after
Heap after GC invocations=20 (full 2):
 PSYoungGen      total 194560K, used 4204K [0x00000000eb700000, 0x00000000f8400000, 0x0000000100000000)
  eden space 185344K, 0% used [0x00000000eb700000,0x00000000eb700000,0x00000000f6c00000)
  from space 9216K, 45% used [0x00000000f7b00000,0x00000000f7f1b170,0x00000000f8400000)
  to   space 12288K, 0% used [0x00000000f6c00000,0x00000000f6c00000,0x00000000f7800000)
 ParOldGen       total 55808K, used 48146K [0x00000000c2400000, 0x00000000c5a80000, 0x00000000eb700000)
  object space 55808K, 86% used [0x00000000c2400000,0x00000000c5304b58,0x00000000c5a80000)
 Metaspace       used 53212K, capacity 55084K, committed 55424K, reserved 1097728K
  class space    used 7202K, capacity 7686K, committed 7808K, reserved 1048576K
}
Event: 80.750 GC heap before
{Heap before GC invocations=21 (full 3):
 PSYoungGen      total 194560K, used 4204K [0x00000000eb700000, 0x00000000f8400000, 0x0000000100000000)
  eden space 185344K, 0% used [0x00000000eb700000,0x00000000eb700000,0x00000000f6c00000)
  from space 9216K, 45% used [0x00000000f7b00000,0x00000000f7f1b170,0x00000000f8400000)
  to   space 12288K, 0% used [0x00000000f6c00000,0x00000000f6c00000,0x00000000f7800000)
 ParOldGen       total 55808K, used 48146K [0x00000000c2400000, 0x00000000c5a80000, 0x00000000eb700000)
  object space 55808K, 86% used [0x00000000c2400000,0x00000000c5304b58,0x00000000c5a80000)
 Metaspace       used 53212K, capacity 55084K, committed 55424K, reserved 1097728K
  class space    used 7202K, capacity 7686K, committed 7808K, reserved 1048576K

Deoptimization events (10 events):
Event: 78.759 Thread 0x000000000489e000 Uncommon trap: reason=null_check action=make_not_entrant pc=0x00000000062d5148 method=java.security.Provider.getService(Ljava/lang/String;Ljava/lang/String;)Ljava/security/Provider$Service; @ 84
Event: 78.759 Thread 0x000000000489e000 Uncommon trap: reason=unstable_if action=reinterpret pc=0x00000000062c1d48 method=sun.security.jca.ProviderConfig.getProvider()Ljava/security/Provider; @ 6
Event: 78.761 Thread 0x000000000489e000 Uncommon trap: reason=class_check action=maybe_recompile pc=0x00000000062cbab0 method=java.security.Provider$Service.newInstance(Ljava/lang/Object;)Ljava/lang/Object; @ 19
Event: 78.775 Thread 0x000000000489e000 Uncommon trap: reason=unstable_if action=reinterpret pc=0x000000000572b354 method=java.math.BigInteger.stripLeadingZeroBytes([B)[I @ 7
Event: 78.776 Thread 0x000000000489e000 Uncommon trap: reason=unstable_if action=reinterpret pc=0x0000000005a03354 method=java.math.BigInteger.stripLeadingZeroBytes([B)[I @ 7
Event: 79.325 Thread 0x000000000489e000 Uncommon trap: reason=unstable_if action=reinterpret pc=0x0000000005e08ae0 method=java.util.TreeMap.put(Ljava/lang/Object;Ljava/lang/Object;)Ljava/lang/Object; @ 90
Event: 79.382 Thread 0x000000000489e000 Uncommon trap: reason=class_check action=maybe_recompile pc=0x0000000004fe1be4 method=java.util.zip.InflaterInputStream.read([BII)I @ 100
Event: 79.382 Thread 0x000000000489e000 Uncommon trap: reason=class_check action=maybe_recompile pc=0x0000000004fe1be4 method=java.util.zip.InflaterInputStream.read([BII)I @ 100
Event: 79.382 Thread 0x000000000489e000 Uncommon trap: reason=class_check action=maybe_recompile pc=0x0000000004fe1be4 method=java.util.zip.InflaterInputStream.read([BII)I @ 100
Event: 79.382 Thread 0x000000000489e000 Uncommon trap: reason=class_check action=maybe_recompile pc=0x0000000004fe1be4 method=java.util.zip.InflaterInputStream.read([BII)I @ 100

Internal exceptions (10 events):
Event: 70.143 Thread 0x000000000489e000 Exception <a 'java/lang/ClassNotFoundException': react_ukv6up1qe6of1q8d04g757wy$_run_closure1$_closure4$_closure5Customizer> (0x00000000ec88b440) thrown at [C:\re\workspace\8-2-build-windows-amd64-cygwin\jdk8u121\8372\hotspot\src\share\vm\classfile\system
Event: 70.153 Thread 0x000000000489e000 Exception <a 'java/lang/ClassNotFoundException': org/gradle/api/internal/tasks/DefaultTaskInputsBeanInfo> (0x00000000ec8cfef0) thrown at [C:\re\workspace\8-2-build-windows-amd64-cygwin\jdk8u121\8372\hotspot\src\share\vm\classfile\systemDictionary.cpp, lin
Event: 70.154 Thread 0x000000000489e000 Exception <a 'java/lang/ClassNotFoundException': org/gradle/api/internal/tasks/DefaultTaskInputsCustomizer> (0x00000000ec8e05f8) thrown at [C:\re\workspace\8-2-build-windows-amd64-cygwin\jdk8u121\8372\hotspot\src\share\vm\classfile\systemDictionary.cpp, l
Event: 70.159 Thread 0x000000000489e000 Exception <a 'java/lang/ClassNotFoundException': org/gradle/api/internal/tasks/DefaultTaskOutputsBeanInfo> (0x00000000ec91f5e8) thrown at [C:\re\workspace\8-2-build-windows-amd64-cygwin\jdk8u121\8372\hotspot\src\share\vm\classfile\systemDictionary.cpp, li
Event: 70.159 Thread 0x000000000489e000 Exception <a 'java/lang/ClassNotFoundException': org/gradle/api/internal/tasks/DefaultTaskOutputsCustomizer> (0x00000000ec92fcf8) thrown at [C:\re\workspace\8-2-build-windows-amd64-cygwin\jdk8u121\8372\hotspot\src\share\vm\classfile\systemDictionary.cpp, 
Event: 70.183 Thread 0x000000000489e000 Exception <a 'java/lang/ClassNotFoundException': org/apache/tools/ant/taskdefs/condition/OsBeanInfo> (0x00000000ec96c7c0) thrown at [C:\re\workspace\8-2-build-windows-amd64-cygwin\jdk8u121\8372\hotspot\src\share\vm\classfile\systemDictionary.cpp, line 210
Event: 70.183 Thread 0x000000000489e000 Exception <a 'java/lang/ClassNotFoundException': org/apache/tools/ant/taskdefs/condition/OsCustomizer> (0x00000000ec976948) thrown at [C:\re\workspace\8-2-build-windows-amd64-cygwin\jdk8u121\8372\hotspot\src\share\vm\classfile\systemDictionary.cpp, line 2
Event: 72.443 Thread 0x000000000489e000 Implicit null exception at 0x0000000005fbc738 to 0x0000000005fbd1f0
Event: 72.444 Thread 0x000000000489e000 Implicit null exception at 0x00000000055f270c to 0x00000000055f277d
Event: 72.484 Thread 0x000000000489e000 Implicit null exception at 0x0000000004d3cf64 to 0x0000000004d3d1e5

Events (10 events):
Event: 79.399 loading class org/apache/commons/codec/Encoder done
Event: 79.400 loading class org/apache/commons/codec/BinaryDecoder
Event: 79.400 loading class org/apache/commons/codec/BinaryDecoder done
Event: 79.400 loading class org/apache/commons/codec/Decoder
Event: 79.400 loading class org/apache/commons/codec/Decoder done
Event: 79.401 loading class org/apache/commons/codec/EncoderException
Event: 79.401 loading class org/apache/commons/codec/EncoderException done
Event: 79.401 loading class org/apache/commons/codec/DecoderException
Event: 79.401 loading class org/apache/commons/codec/DecoderException done
Event: 80.733 Executing VM operation: ParallelGCFailedAllocation


Dynamic libraries:
0x00007ff7c4d10000 - 0x00007ff7c4d47000 	C:\Program Files\Java\jdk1.8.0_121\bin\java.exe
0x00007ffa9a890000 - 0x00007ffa9aa70000 	C:\WINDOWS\SYSTEM32\ntdll.dll
0x00007ffa987b0000 - 0x00007ffa9885e000 	C:\WINDOWS\System32\KERNEL32.DLL
0x00007ffa97af0000 - 0x00007ffa97d56000 	C:\WINDOWS\System32\KERNELBASE.dll
0x00007ffa98dd0000 - 0x00007ffa98e71000 	C:\WINDOWS\System32\ADVAPI32.dll
0x00007ffa98fa0000 - 0x00007ffa9903d000 	C:\WINDOWS\System32\msvcrt.dll
0x00007ffa97fd0000 - 0x00007ffa9802b000 	C:\WINDOWS\System32\sechost.dll
0x00007ffa98e80000 - 0x00007ffa98f9f000 	C:\WINDOWS\System32\RPCRT4.dll
0x00007ffa98030000 - 0x00007ffa981bf000 	C:\WINDOWS\System32\USER32.dll
0x00007ffa96c90000 - 0x00007ffa96cb0000 	C:\WINDOWS\System32\win32u.dll
0x00007ffa97f40000 - 0x00007ffa97f68000 	C:\WINDOWS\System32\GDI32.dll
0x00007ffa97950000 - 0x00007ffa97ae3000 	C:\WINDOWS\System32\gdi32full.dll
0x00007ffa96fd0000 - 0x00007ffa9706b000 	C:\WINDOWS\System32\msvcp_win.dll
0x00007ffa96cb0000 - 0x00007ffa96da6000 	C:\WINDOWS\System32\ucrtbase.dll
0x00007ffa8f560000 - 0x00007ffa8f7c9000 	C:\WINDOWS\WinSxS\amd64_microsoft.windows.common-controls_6595b64144ccf1df_6.0.16299.431_none_15c7d3ee93659e73\COMCTL32.dll
0x00007ffa98ac0000 - 0x00007ffa98dc8000 	C:\WINDOWS\System32\combase.dll
0x00007ffa97070000 - 0x00007ffa970e2000 	C:\WINDOWS\System32\bcryptPrimitives.dll
0x00007ffa98610000 - 0x00007ffa9863d000 	C:\WINDOWS\System32\IMM32.DLL
0x0000000060f60000 - 0x0000000061032000 	C:\Program Files\Java\jdk1.8.0_121\jre\bin\msvcr100.dll
0x00000000606c0000 - 0x0000000060f5b000 	C:\Program Files\Java\jdk1.8.0_121\jre\bin\server\jvm.dll
0x00007ffa98960000 - 0x00007ffa98968000 	C:\WINDOWS\System32\PSAPI.DLL
0x00007ffa90710000 - 0x00007ffa9071a000 	C:\WINDOWS\SYSTEM32\VERSION.dll
0x00007ffa92db0000 - 0x00007ffa92dd3000 	C:\WINDOWS\SYSTEM32\WINMM.dll
0x00007ffa925d0000 - 0x00007ffa925d9000 	C:\WINDOWS\SYSTEM32\WSOCK32.dll
0x00007ffa97ed0000 - 0x00007ffa97f3c000 	C:\WINDOWS\System32\WS2_32.dll
0x00007ffa92a00000 - 0x00007ffa92a2a000 	C:\WINDOWS\SYSTEM32\winmmbase.dll
0x00007ffa96db0000 - 0x00007ffa96dfa000 	C:\WINDOWS\System32\cfgmgr32.dll
0x00000000606b0000 - 0x00000000606bf000 	C:\Program Files\Java\jdk1.8.0_121\jre\bin\verify.dll
0x0000000060680000 - 0x00000000606a9000 	C:\Program Files\Java\jdk1.8.0_121\jre\bin\java.dll
0x0000000060660000 - 0x0000000060676000 	C:\Program Files\Java\jdk1.8.0_121\jre\bin\zip.dll
0x00007ffa99170000 - 0x00007ffa9a5a8000 	C:\WINDOWS\System32\SHELL32.dll
0x00007ffa9a7b0000 - 0x00007ffa9a856000 	C:\WINDOWS\System32\shcore.dll
0x00007ffa971a0000 - 0x00007ffa978e7000 	C:\WINDOWS\System32\windows.storage.dll
0x00007ffa9a750000 - 0x00007ffa9a7a1000 	C:\WINDOWS\System32\shlwapi.dll
0x00007ffa96c70000 - 0x00007ffa96c81000 	C:\WINDOWS\System32\kernel.appcore.dll
0x00007ffa96c20000 - 0x00007ffa96c6c000 	C:\WINDOWS\System32\powrprof.dll
0x00007ffa96c00000 - 0x00007ffa96c1b000 	C:\WINDOWS\System32\profapi.dll
0x0000000060640000 - 0x000000006065a000 	C:\Program Files\Java\jdk1.8.0_121\jre\bin\net.dll
0x00007ffa960c0000 - 0x00007ffa96126000 	C:\WINDOWS\system32\mswsock.dll
0x0000000060620000 - 0x0000000060631000 	C:\Program Files\Java\jdk1.8.0_121\jre\bin\nio.dll
0x00007ffa6bb20000 - 0x00007ffa6bb32000 	C:\Users\Alghali\.gradle\native\19\windows-amd64\native-platform.dll
0x0000000180000000 - 0x0000000180037000 	C:\Users\Alghali\.gradle\native\jna\win32-amd64\jnidispatch.dll
0x00007ffa969d0000 - 0x00007ffa969e7000 	C:\WINDOWS\SYSTEM32\CRYPTSP.dll
0x00007ffa95cc0000 - 0x00007ffa95cf3000 	C:\WINDOWS\system32\rsaenh.dll
0x00007ffa969a0000 - 0x00007ffa969c5000 	C:\WINDOWS\SYSTEM32\bcrypt.dll
0x00007ffa96b10000 - 0x00007ffa96b39000 	C:\WINDOWS\SYSTEM32\USERENV.dll
0x00007ffa96280000 - 0x00007ffa9628b000 	C:\WINDOWS\SYSTEM32\CRYPTBASE.dll
0x00007ffa95e50000 - 0x00007ffa95e89000 	C:\WINDOWS\SYSTEM32\IPHLPAPI.DLL
0x00007ffa987a0000 - 0x00007ffa987a8000 	C:\WINDOWS\System32\NSI.dll
0x00007ffa8f100000 - 0x00007ffa8f116000 	C:\WINDOWS\SYSTEM32\dhcpcsvc6.DLL
0x00007ffa8f840000 - 0x00007ffa8f85a000 	C:\WINDOWS\SYSTEM32\dhcpcsvc.DLL
0x0000000060610000 - 0x000000006061d000 	C:\Program Files\Java\jdk1.8.0_121\jre\bin\management.dll
0x00007ffa967d0000 - 0x00007ffa96998000 	C:\WINDOWS\SYSTEM32\dbghelp.dll

VM Arguments:
jvm_args: -Dorg.gradle.appname=gradlew 
java_command: org.gradle.wrapper.GradleWrapperMain installDebug
java_class_path (initial): E:\P\Plantmatch\android\\gradle\wrapper\gradle-wrapper.jar
Launcher Type: SUN_STANDARD

Environment Variables:
JAVA_HOME=C:\Program Files\Java\jdk1.8.0_121
CLASSPATH=E:\P\Plantmatch\android\\gradle\wrapper\gradle-wrapper.jar
PATH=C:\fedena\ImageMagick-6.7.7-Q16;C:\Program Files\ImageMagick-6.7.7-Q16;C:\ProgramData\Oracle\Java\javapath;C:\WINDOWS\system32;C:\WINDOWS;C:\WINDOWS\System32\Wbem;C:\WINDOWS\System32\WindowsPowerShell\v1.0\;C:\Program Files (x86)\Microsoft ASP.NET\ASP.NET Web Pages\v1.0\;C:\Program Files\Microsoft SQL Server\110\Tools\Binn\;C:\Program Files (x86)\Bitvise SSH Client;C:\opencv\build\x86\vc11\bin;C:\Program Files (x86)\Skype\Phone\;C:\Python27;C:\Program Files (x86)\sbt\bin;C:\Program Files (x86)\activator-dist-1.3.7;C:\freeglut\bin\x64;C:\Program Files\Microsoft SQL Server\Client SDK\ODBC\130\Tools\Binn\;C:\Program Files (x86)\Microsoft SQL Server\130\Tools\Binn\;C:\Program Files\Microsoft SQL Server\130\Tools\Binn\;C:\Program Files\Microsoft SQL Server\130\DTS\Binn\;C:\Program Files (x86)\Microsoft SQL Server\Client SDK\ODBC\130\Tools\Binn\;C:\Program Files (x86)\Microsoft SQL Server\130\DTS\Binn\;C:\Program Files (x86)\Microsoft SQL Server\130\Tools\Binn\ManagementStudio\;C:\Program Files\Git\cmd;C:\Program Files (x86)\Yarn\bin\;C:\Program Files\nodejs\;C:\Users\Alghali\AppData\Local\atom\bin;C:\Program Files\Microsoft VS Code\bin;C:\Users\Alghali\AppData\Local\Android\sdk\platform-tools;C:\Users\Alghali\AppData\Local\Microsoft\WindowsApps;C:\Users\Alghali\AppData\Local\Yarn\bin;C:\Users\Alghali\AppData\Roaming\npm
USERNAME=Alghali
OS=Windows_NT
PROCESSOR_IDENTIFIER=Intel64 Family 6 Model 37 Stepping 5, GenuineIntel



---------------  S Y S T E M  ---------------

OS: Windows 10.0 , 64 bit Build 16299 (10.0.16299.431)

CPU:total 4 (2 cores per cpu, 2 threads per core) family 6 model 37 stepping 5, cmov, cx8, fxsr, mmx, sse, sse2, sse3, ssse3, sse4.1, sse4.2, popcnt, aes, clmul, ht, tsc, tscinvbit

Memory: 4k page, physical 4046208k(322916k free), swap 8639828k(1208404k free)

vm_info: Java HotSpot(TM) 64-Bit Server VM (25.121-b13) for windows-amd64 JRE (1.8.0_121-b13), built on Dec 12 2016 18:21:36 by "java_re" with MS VC++ 10.0 (VS2010)

time: Thu May 17 19:20:42 2018
elapsed time: 81 seconds (0d 0h 1m 21s)

