#
# A fatal error has been detected by the Java Runtime Environment:
#
#  EXCEPTION_ACCESS_VIOLATION (0xc0000005) at pc=0x0000000000000000, pid=6464, tid=0x0000000000000d24
#
# JRE version: OpenJDK Runtime Environment (8.0_76-b03) (build 1.8.0_76-release-b03)
# Java VM: OpenJDK 64-Bit Server VM (25.76-b03 mixed mode windows-amd64 compressed oops)
# Problematic frame:
# C  0x0000000000000000
#
# Failed to write core dump. Minidumps are not enabled by default on client versions of Windows
#
# If you would like to submit a bug report, please visit:
#   http://bugreport.java.com/bugreport/crash.jsp
#

---------------  T H R E A D  ---------------

Current thread (0x000000001acc3000):  JavaThread "Daemon worker" [_thread_in_Java, id=3364, stack(0x000000001ba90000,0x000000001bb90000)]

siginfo: ExceptionCode=0xc0000005, ExceptionInformation=0x0000000000000008 0x0000000000000000

Registers:
RAX=0x00000000ee165478, RBX=0x0000000000000004, RCX=0x0000000000000120, RDX=0x000000001bb88d70
RSP=0x000000001bb88dd0, RBP=0x000000001bb88e10, RSI=0x0000000000000000, RDI=0x0000000004f77884
R8 =0x0000000000da1200, R9 =0x0000000000008000, R10=0x00000000618ca410, R11=0x000000001bb88d60
R12=0x0000000000000000, R13=0x000000001734f0e9, R14=0x000000001bb88e68, R15=0x000000001acc3000
RIP=0x0000000000000000, EFLAGS=0x0000000000010202

Top of Stack: (sp=0x000000001bb88dd0)
0x000000001bb88dd0:   000000001bb88dd0 000000001734f0e3
0x000000001bb88de0:   000000001bb88e68 000000001734fe68
0x000000001bb88df0:   0000000000000000 000000001734f1f8
0x000000001bb88e00:   0000000000000000 000000001bb88e60
0x000000001bb88e10:   000000001bb88eb0 0000000004f777b0
0x000000001bb88e20:   0000000000000000 0000000000000000
0x000000001bb88e30:   0000000000000000 00000000c02e7fa0
0x000000001bb88e40:   00000000ee1653d0 0000000000000000
0x000000001bb88e50:   0000000000000000 00000000ee165478
0x000000001bb88e60:   0000000000000000 00000000ecc848e8
0x000000001bb88e70:   000000001bb88e70 000000001734eff5
0x000000001bb88e80:   000000001bb88ed8 000000001734fe68
0x000000001bb88e90:   0000000000000000 000000001734f028
0x000000001bb88ea0:   000000001bb88e60 000000001bb88ec8
0x000000001bb88eb0:   000000001bb88f20 0000000004f777b0
0x000000001bb88ec0:   0000000000000000 0000000000000001 

Instructions: (pc=0x0000000000000000)
0xffffffffffffffe0:   


Register to memory mapping:

RAX=0x00000000ee165478 is an oop
[Ljava.net.InetAddress; 
 - klass: 'java/net/InetAddress'[]
 - length: 1
RBX=0x0000000000000004 is an unknown value
RCX=0x0000000000000120 is an unknown value
RDX=0x000000001bb88d70 is pointing into the stack for thread: 0x000000001acc3000
RSP=0x000000001bb88dd0 is pointing into the stack for thread: 0x000000001acc3000
RBP=0x000000001bb88e10 is pointing into the stack for thread: 0x000000001acc3000
RSI=0x0000000000000000 is an unknown value
RDI=0x0000000004f77884 is at code_begin+1668 in an Interpreter codelet
invoke return entry points  [0x0000000004f77200, 0x0000000004f77b00]  2304 bytes
R8 =0x0000000000da1200 is an unknown value
R9 =0x0000000000008000 is an unknown value
R10=0x00000000618ca410 is an unknown value
R11=0x000000001bb88d60 is pointing into the stack for thread: 0x000000001acc3000
R12=0x0000000000000000 is an unknown value
R13=0x000000001734f0e9 is pointing into metadata
R14=0x000000001bb88e68 is pointing into the stack for thread: 0x000000001acc3000
R15=0x000000001acc3000 is a thread


Stack: [0x000000001ba90000,0x000000001bb90000],  sp=0x000000001bb88dd0,  free space=995k
Native frames: (J=compiled Java code, j=interpreted, Vv=VM code, C=native code)


---------------  P R O C E S S  ---------------

Java Threads: ( => current thread )
  0x0000000019527000 JavaThread "File lock request listener" [_thread_in_native, id=15976, stack(0x000000001d630000,0x000000001d730000)]
  0x000000001acc9800 JavaThread "Asynchronous log dispatcher for org.gradle.launcher.daemon.server.DefaultDaemonConnection@3e362365" [_thread_blocked, id=16164, stack(0x000000001bb90000,0x000000001bc90000)]
=>0x000000001acc3000 JavaThread "Daemon worker" [_thread_in_Java, id=3364, stack(0x000000001ba90000,0x000000001bb90000)]
  0x000000001acc1800 JavaThread "Cancel handler" [_thread_blocked, id=2436, stack(0x000000001b990000,0x000000001ba90000)]
  0x000000001a36a800 JavaThread "Handler for socket connection from /127.0.0.1:62415 to /127.0.0.1:62419" [_thread_in_native, id=5732, stack(0x000000001b890000,0x000000001b990000)]
  0x000000001a36a000 JavaThread "Daemon" [_thread_blocked, id=2928, stack(0x000000001b790000,0x000000001b890000)]
  0x000000001a395000 JavaThread "pool-1-thread-1" [_thread_blocked, id=4028, stack(0x000000001b690000,0x000000001b790000)]
  0x000000001a396000 JavaThread "Incoming local TCP Connector on port 62415" [_thread_in_native, id=9532, stack(0x0000000019e80000,0x0000000019f80000)]
  0x0000000017644800 JavaThread "Service Thread" daemon [_thread_blocked, id=9092, stack(0x0000000019080000,0x0000000019180000)]
  0x0000000017642000 JavaThread "C1 CompilerThread2" daemon [_thread_blocked, id=9368, stack(0x0000000018f80000,0x0000000019080000)]
  0x000000001763e800 JavaThread "C2 CompilerThread1" daemon [_thread_blocked, id=10772, stack(0x0000000018e80000,0x0000000018f80000)]
  0x000000001763b800 JavaThread "C2 CompilerThread0" daemon [_thread_blocked, id=5104, stack(0x0000000018d80000,0x0000000018e80000)]
  0x0000000017649000 JavaThread "Attach Listener" daemon [_thread_blocked, id=9176, stack(0x0000000018c80000,0x0000000018d80000)]
  0x0000000017648000 JavaThread "Signal Dispatcher" daemon [_thread_blocked, id=3652, stack(0x0000000018b80000,0x0000000018c80000)]
  0x0000000017628800 JavaThread "Finalizer" daemon [_thread_blocked, id=3380, stack(0x0000000018890000,0x0000000018990000)]
  0x0000000004f62800 JavaThread "Reference Handler" daemon [_thread_blocked, id=3608, stack(0x0000000018790000,0x0000000018890000)]
  0x0000000004cee800 JavaThread "main" [_thread_blocked, id=11312, stack(0x0000000004d70000,0x0000000004e70000)]

Other Threads:
  0x0000000017605000 VMThread [stack: 0x0000000018690000,0x0000000018790000] [id=8880]
  0x0000000017684000 WatcherThread [stack: 0x0000000019180000,0x0000000019280000] [id=10056]

VM state:not at safepoint (normal execution)

VM Mutex/Monitor currently owned by a thread: None

Heap:
 PSYoungGen      total 70656K, used 64903K [0x00000000eab00000, 0x00000000efd80000, 0x0000000100000000)
  eden space 61952K, 90% used [0x00000000eab00000,0x00000000ee1e8780,0x00000000ee780000)
  from space 8704K, 99% used [0x00000000ef200000,0x00000000efa794c8,0x00000000efa80000)
  to   space 10752K, 0% used [0x00000000ee780000,0x00000000ee780000,0x00000000ef200000)
 ParOldGen       total 49664K, used 19249K [0x00000000c0000000, 0x00000000c3080000, 0x00000000eab00000)
  object space 49664K, 38% used [0x00000000c0000000,0x00000000c12cc488,0x00000000c3080000)
 Metaspace       used 47885K, capacity 48998K, committed 49192K, reserved 1091584K
  class space    used 6340K, capacity 6618K, committed 6704K, reserved 1048576K

Card table byte_map: [0x0000000014330000,0x0000000014540000] byte_map_base: 0x0000000013d30000

Marking Bits: (ParMarkBitMap*) 0x00000000618d9d00
 Begin Bits: [0x0000000014aa0000, 0x0000000015aa0000)
 End Bits:   [0x0000000015aa0000, 0x0000000016aa0000)

Polling page: 0x0000000004cc0000

CodeCache: size=245760Kb used=18339Kb max_used=18366Kb free=227420Kb
 bounds [0x0000000004f70000, 0x0000000006180000, 0x0000000013f70000]
 total_blobs=5698 nmethods=4988 adapters=623
 compilation: enabled

Compilation events (10 events):
Event: 81.326 Thread 0x0000000017642000 5535       2       java.lang.String::regionMatches (149 bytes)
Event: 81.327 Thread 0x0000000017642000 nmethod 5535 0x000000000611bb10 code [0x000000000611bd00, 0x000000000611c218]
Event: 81.348 Thread 0x0000000017642000 5536       2       java.net.URLStreamHandler::equals (45 bytes)
Event: 81.349 Thread 0x0000000017642000 nmethod 5536 0x0000000006118410 code [0x0000000006118580, 0x0000000006118798]
Event: 82.438 Thread 0x000000001763e800 nmethod 5532 0x0000000006130550 code [0x00000000061310e0, 0x000000000613a510]
Event: 82.438 Thread 0x000000001763e800 5534       4       sun.misc.URLClassPath::getResource (83 bytes)
Event: 82.446 Thread 0x000000001763e800 nmethod 5534 0x000000000611f6d0 code [0x000000000611f840, 0x000000000611ff08]
Event: 82.446 Thread 0x000000001763e800 5533   !   4       java.net.URL::<init> (543 bytes)
Event: 82.618 Thread 0x000000001763b800 nmethod 5531 0x000000000614e3d0 code [0x000000000614efa0, 0x00000000061582d0]
Event: 82.740 Thread 0x000000001763e800 nmethod 5533 0x000000000616e210 code [0x000000000616e5c0, 0x00000000061724a8]

GC Heap History (10 events):
Event: 69.952 GC heap before
{Heap before GC invocations=18 (full 1):
 PSYoungGen      total 47104K, used 12697K [0x00000000eab00000, 0x00000000ee280000, 0x0000000100000000)
  eden space 40960K, 16% used [0x00000000eab00000,0x00000000eb1699d0,0x00000000ed300000)
  from space 6144K, 99% used [0x00000000eda80000,0x00000000ee07ccb8,0x00000000ee080000)
  to   space 7680K, 0% used [0x00000000ed300000,0x00000000ed300000,0x00000000eda80000)
 ParOldGen       total 35328K, used 12297K [0x00000000c0000000, 0x00000000c2280000, 0x00000000eab00000)
  object space 35328K, 34% used [0x00000000c0000000,0x00000000c0c02520,0x00000000c2280000)
 Metaspace       used 34402K, capacity 35166K, committed 35496K, reserved 1079296K
  class space    used 4555K, capacity 4759K, committed 4784K, reserved 1048576K
Event: 69.961 GC heap after
Heap after GC invocations=18 (full 1):
 PSYoungGen      total 48640K, used 3881K [0x00000000eab00000, 0x00000000eea00000, 0x0000000100000000)
  eden space 40960K, 0% used [0x00000000eab00000,0x00000000eab00000,0x00000000ed300000)
  from space 7680K, 50% used [0x00000000ed300000,0x00000000ed6ca7c0,0x00000000eda80000)
  to   space 7168K, 0% used [0x00000000ee300000,0x00000000ee300000,0x00000000eea00000)
 ParOldGen       total 35328K, used 13233K [0x00000000c0000000, 0x00000000c2280000, 0x00000000eab00000)
  object space 35328K, 37% used [0x00000000c0000000,0x00000000c0cec520,0x00000000c2280000)
 Metaspace       used 34402K, capacity 35166K, committed 35496K, reserved 1079296K
  class space    used 4555K, capacity 4759K, committed 4784K, reserved 1048576K
}
Event: 69.962 GC heap before
{Heap before GC invocations=19 (full 2):
 PSYoungGen      total 48640K, used 3881K [0x00000000eab00000, 0x00000000eea00000, 0x0000000100000000)
  eden space 40960K, 0% used [0x00000000eab00000,0x00000000eab00000,0x00000000ed300000)
  from space 7680K, 50% used [0x00000000ed300000,0x00000000ed6ca7c0,0x00000000eda80000)
  to   space 7168K, 0% used [0x00000000ee300000,0x00000000ee300000,0x00000000eea00000)
 ParOldGen       total 35328K, used 13233K [0x00000000c0000000, 0x00000000c2280000, 0x00000000eab00000)
  object space 35328K, 37% used [0x00000000c0000000,0x00000000c0cec520,0x00000000c2280000)
 Metaspace       used 34402K, capacity 35166K, committed 35496K, reserved 1079296K
  class space    used 4555K, capacity 4759K, committed 4784K, reserved 1048576K
Event: 70.084 GC heap after
Heap after GC invocations=19 (full 2):
 PSYoungGen      total 48640K, used 0K [0x00000000eab00000, 0x00000000eea00000, 0x0000000100000000)
  eden space 40960K, 0% used [0x00000000eab00000,0x00000000eab00000,0x00000000ed300000)
  from space 7680K, 0% used [0x00000000ed300000,0x00000000ed300000,0x00000000eda80000)
  to   space 7168K, 0% used [0x00000000ee300000,0x00000000ee300000,0x00000000eea00000)
 ParOldGen       total 49664K, used 14799K [0x00000000c0000000, 0x00000000c3080000, 0x00000000eab00000)
  object space 49664K, 29% used [0x00000000c0000000,0x00000000c0e73cc0,0x00000000c3080000)
 Metaspace       used 34384K, capacity 35144K, committed 35496K, reserved 1079296K
  class space    used 4550K, capacity 4753K, committed 4784K, reserved 1048576K
}
Event: 70.982 GC heap before
{Heap before GC invocations=20 (full 2):
 PSYoungGen      total 48640K, used 40960K [0x00000000eab00000, 0x00000000eea00000, 0x0000000100000000)
  eden space 40960K, 100% used [0x00000000eab00000,0x00000000ed300000,0x00000000ed300000)
  from space 7680K, 0% used [0x00000000ed300000,0x00000000ed300000,0x00000000eda80000)
  to   space 7168K, 0% used [0x00000000ee300000,0x00000000ee300000,0x00000000eea00000)
 ParOldGen       total 49664K, used 14799K [0x00000000c0000000, 0x00000000c3080000, 0x00000000eab00000)
  object space 49664K, 29% used [0x00000000c0000000,0x00000000c0e73cc0,0x00000000c3080000)
 Metaspace       used 36073K, capacity 36914K, committed 37288K, reserved 1081344K
  class space    used 4769K, capacity 4980K, committed 5040K, reserved 1048576K
Event: 70.993 GC heap after
Heap after GC invocations=20 (full 2):
 PSYoungGen      total 57344K, used 2819K [0x00000000eab00000, 0x00000000eeb80000, 0x0000000100000000)
  eden space 50176K, 0% used [0x00000000eab00000,0x00000000eab00000,0x00000000edc00000)
  from space 7168K, 39% used [0x00000000ee300000,0x00000000ee5c0f48,0x00000000eea00000)
  to   space 7168K, 0% used [0x00000000edc00000,0x00000000edc00000,0x00000000ee300000)
 ParOldGen       total 49664K, used 14807K [0x00000000c0000000, 0x00000000c3080000, 0x00000000eab00000)
  object space 49664K, 29% used [0x00000000c0000000,0x00000000c0e75cc0,0x00000000c3080000)
 Metaspace       used 36073K, capacity 36914K, committed 37288K, reserved 1081344K
  class space    used 4769K, capacity 4980K, committed 5040K, reserved 1048576K
}
Event: 73.296 GC heap before
{Heap before GC invocations=21 (full 2):
 PSYoungGen      total 57344K, used 52995K [0x00000000eab00000, 0x00000000eeb80000, 0x0000000100000000)
  eden space 50176K, 100% used [0x00000000eab00000,0x00000000edc00000,0x00000000edc00000)
  from space 7168K, 39% used [0x00000000ee300000,0x00000000ee5c0f48,0x00000000eea00000)
  to   space 7168K, 0% used [0x00000000edc00000,0x00000000edc00000,0x00000000ee300000)
 ParOldGen       total 49664K, used 14807K [0x00000000c0000000, 0x00000000c3080000, 0x00000000eab00000)
  object space 49664K, 29% used [0x00000000c0000000,0x00000000c0e75cc0,0x00000000c3080000)
 Metaspace       used 39118K, capacity 40076K, committed 40360K, reserved 1083392K
  class space    used 5173K, capacity 5431K, committed 5552K, reserved 1048576K
Event: 73.324 GC heap after
Heap after GC invocations=21 (full 2):
 PSYoungGen      total 57344K, used 7154K [0x00000000eab00000, 0x00000000efa80000, 0x0000000100000000)
  eden space 50176K, 0% used [0x00000000eab00000,0x00000000eab00000,0x00000000edc00000)
  from space 7168K, 99% used [0x00000000edc00000,0x00000000ee2fcaa8,0x00000000ee300000)
  to   space 8704K, 0% used [0x00000000ef200000,0x00000000ef200000,0x00000000efa80000)
 ParOldGen       total 49664K, used 16513K [0x00000000c0000000, 0x00000000c3080000, 0x00000000eab00000)
  object space 49664K, 33% used [0x00000000c0000000,0x00000000c10206d0,0x00000000c3080000)
 Metaspace       used 39118K, capacity 40076K, committed 40360K, reserved 1083392K
  class space    used 5173K, capacity 5431K, committed 5552K, reserved 1048576K
}
Event: 77.615 GC heap before
{Heap before GC invocations=22 (full 2):
 PSYoungGen      total 57344K, used 57330K [0x00000000eab00000, 0x00000000efa80000, 0x0000000100000000)
  eden space 50176K, 100% used [0x00000000eab00000,0x00000000edc00000,0x00000000edc00000)
  from space 7168K, 99% used [0x00000000edc00000,0x00000000ee2fcaa8,0x00000000ee300000)
  to   space 8704K, 0% used [0x00000000ef200000,0x00000000ef200000,0x00000000efa80000)
 ParOldGen       total 49664K, used 16513K [0x00000000c0000000, 0x00000000c3080000, 0x00000000eab00000)
  object space 49664K, 33% used [0x00000000c0000000,0x00000000c10206d0,0x00000000c3080000)
 Metaspace       used 44954K, capacity 46004K, committed 46504K, reserved 1089536K
  class space    used 5948K, capacity 6203K, committed 6320K, reserved 1048576K
Event: 77.635 GC heap after
Heap after GC invocations=22 (full 2):
 PSYoungGen      total 70656K, used 8677K [0x00000000eab00000, 0x00000000efd80000, 0x0000000100000000)
  eden space 61952K, 0% used [0x00000000eab00000,0x00000000eab00000,0x00000000ee780000)
  from space 8704K, 99% used [0x00000000ef200000,0x00000000efa794c8,0x00000000efa80000)
  to   space 10752K, 0% used [0x00000000ee780000,0x00000000ee780000,0x00000000ef200000)
 ParOldGen       total 49664K, used 19249K [0x00000000c0000000, 0x00000000c3080000, 0x00000000eab00000)
  object space 49664K, 38% used [0x00000000c0000000,0x00000000c12cc488,0x00000000c3080000)
 Metaspace       used 44954K, capacity 46004K, committed 46504K, reserved 1089536K
  class space    used 5948K, capacity 6203K, committed 6320K, reserved 1048576K
}

Deoptimization events (10 events):
Event: 77.336 Thread 0x000000001acc3000 Uncommon trap: reason=unstable_if action=reinterpret pc=0x00000000058f1428 method=java.lang.CharacterDataLatin1.digit(II)I @ 31
Event: 80.894 Thread 0x000000001acc3000 Uncommon trap: reason=unstable_if action=reinterpret pc=0x000000000601f8c4 method=java.util.regex.Pattern.newSlice([IIZ)Ljava/util/regex/Pattern$Node; @ 10
Event: 80.928 Thread 0x000000001acc3000 Uncommon trap: reason=bimorphic action=maybe_recompile pc=0x00000000053bad7c method=java.util.AbstractList$Itr.next()Ljava/lang/Object; @ 14
Event: 81.070 Thread 0x000000001acc3000 Uncommon trap: reason=unstable_if action=reinterpret pc=0x0000000005476c68 method=sun.nio.cs.UTF_8$Decoder.decodeArrayLoop(Ljava/nio/ByteBuffer;Ljava/nio/CharBuffer;)Ljava/nio/charset/CoderResult; @ 84
Event: 81.073 Thread 0x000000001acc3000 Uncommon trap: reason=unstable_if action=reinterpret pc=0x00000000050a8400 method=java.lang.CharacterData.of(I)Ljava/lang/CharacterData; @ 4
Event: 81.085 Thread 0x000000001acc3000 Uncommon trap: reason=unstable_if action=reinterpret pc=0x00000000060f4f24 method=java.io.BufferedReader.read()I @ 19
Event: 81.085 Thread 0x000000001acc3000 Uncommon trap: reason=unstable_if action=reinterpret pc=0x0000000005448550 method=sun.nio.cs.UTF_8$Decoder.decodeArrayLoop(Ljava/nio/ByteBuffer;Ljava/nio/CharBuffer;)Ljava/nio/charset/CoderResult; @ 84
Event: 81.137 Thread 0x000000001acc3000 Uncommon trap: reason=unstable_if action=reinterpret pc=0x00000000060fa6d8 method=org.apache.http.conn.util.PublicSuffixListParser.readLine(Ljava/io/Reader;Ljava/lang/StringBuilder;)Z @ 15
Event: 81.139 Thread 0x000000001acc3000 Uncommon trap: reason=unstable_if action=reinterpret pc=0x000000000580791c method=java.util.concurrent.ConcurrentHashMap.putVal(Ljava/lang/Object;Ljava/lang/Object;Z)Ljava/lang/Object; @ 195
Event: 81.438 Thread 0x000000001acc3000 Uncommon trap: reason=unstable_if action=reinterpret pc=0x0000000005a2cb18 method=java.net.URI$Parser.scan(IILjava/lang/String;Ljava/lang/String;)I @ 23

Internal exceptions (10 events):
Event: 77.721 Thread 0x000000001acc3000 Exception <a 'sun/nio/fs/WindowsException'> (0x00000000eace0cb0) thrown at [C:\src\android\AOSP-openjdk\external\jetbrains\jdk\hotspot\src\share\vm\prims\jni.cpp, line 709]
Event: 77.721 Thread 0x000000001acc3000 Exception <a 'sun/nio/fs/WindowsException'> (0x00000000eace1738) thrown at [C:\src\android\AOSP-openjdk\external\jetbrains\jdk\hotspot\src\share\vm\prims\jni.cpp, line 709]
Event: 77.722 Thread 0x000000001acc3000 Exception <a 'sun/nio/fs/WindowsException'> (0x00000000eace2e38) thrown at [C:\src\android\AOSP-openjdk\external\jetbrains\jdk\hotspot\src\share\vm\prims\jni.cpp, line 709]
Event: 77.722 Thread 0x000000001acc3000 Exception <a 'sun/nio/fs/WindowsException'> (0x00000000eace38f8) thrown at [C:\src\android\AOSP-openjdk\external\jetbrains\jdk\hotspot\src\share\vm\prims\jni.cpp, line 709]
Event: 78.067 Thread 0x000000001acc3000 Exception <a 'java/lang/NoSuchMethodError': java.lang.Object.lambda$comparing$77a9974f$1(Ljava/util/function/Function;Ljava/lang/Object;Ljava/lang/Object;)I> (0x00000000ec4709e0) thrown at [C:\src\android\AOSP-openjdk\external\jetbrains\jdk\hotspot\src\sha%èRıvÑS@
Event: 78.070 Thread 0x000000001acc3000 Exception <a 'java/lang/NoSuchMethodError': java.lang.Object.lambda$thenComparing$36697e65$1(Ljava/util/Comparator;Ljava/lang/Object;Ljava/lang/Object;)I> (0x00000000ec47ee90) thrown at [C:\src\android\AOSP-openjdk\external\jetbrains\jdk\hotspot\src\share\Î˜ÍÙöS@
Event: 78.421 Thread 0x000000001acc3000 Exception <a 'java/lang/NoSuchMethodError': java.lang.Object.lambda$maxBy$1(Ljava/util/Comparator;Ljava/lang/Object;Ljava/lang/Object;)Ljava/lang/Object;> (0x00000000ec5d5278) thrown at [C:\src\android\AOSP-openjdk\external\jetbrains\jdk\hotspot\src\share\ÃÜ`¬“S@
Event: 79.293 Thread 0x000000001acc3000 Exception <a 'sun/nio/fs/WindowsException'> (0x00000000ec6cad78) thrown at [C:\src\android\AOSP-openjdk\external\jetbrains\jdk\hotspot\src\share\vm\prims\jni.cpp, line 709]
Event: 80.300 Thread 0x000000001acc3000 Exception <a 'java/lang/ClassNotFoundException': build_f1p86hdi5a0kakot9a4mpqxbpBeanInfo> (0x00000000eca398b0) thrown at [C:\src\android\AOSP-openjdk\external\jetbrains\jdk\hotspot\src\share\vm\classfile\systemDictionary.cpp, line 210]
Event: 80.301 Thread 0x000000001acc3000 Exception <a 'java/lang/ClassNotFoundException': build_f1p86hdi5a0kakot9a4mpqxbpCustomizer> (0x00000000eca45640) thrown at [C:\src\android\AOSP-openjdk\external\jetbrains\jdk\hotspot\src\share\vm\classfile\systemDictionary.cpp, line 210]

Events (10 events):
Event: 81.754 Executing VM operation: RevokeBias
Event: 81.755 Executing VM operation: RevokeBias done
Event: 81.755 loading class sun/net/InetAddressCachePolicy
Event: 81.757 loading class sun/net/InetAddressCachePolicy done
Event: 81.757 loading class sun/net/InetAddressCachePolicy$1
Event: 81.757 loading class sun/net/InetAddressCachePolicy$1 done
Event: 81.757 loading class sun/net/InetAddressCachePolicy$2
Event: 81.768 loading class sun/net/InetAddressCachePolicy$2 done
Event: 81.768 loading class java/net/InetAddress$CacheEntry
Event: 81.768 loading class java/net/InetAddress$CacheEntry done


Dynamic libraries:
0x00007ff713e40000 - 0x00007ff713e71000 	C:\Program Files\Android\Android Studio\jre\bin\java.exe
0x00007ffa9a890000 - 0x00007ffa9aa70000 	C:\WINDOWS\SYSTEM32\ntdll.dll
0x00007ffa987b0000 - 0x00007ffa9885e000 	C:\WINDOWS\System32\KERNEL32.DLL
0x00007ffa97af0000 - 0x00007ffa97d56000 	C:\WINDOWS\System32\KERNELBASE.dll
0x00007ffa98dd0000 - 0x00007ffa98e71000 	C:\WINDOWS\System32\ADVAPI32.dll
0x00007ffa98fa0000 - 0x00007ffa9903d000 	C:\WINDOWS\System32\msvcrt.dll
0x00007ffa97fd0000 - 0x00007ffa9802b000 	C:\WINDOWS\System32\sechost.dll
0x00007ffa98e80000 - 0x00007ffa98f9f000 	C:\WINDOWS\System32\RPCRT4.dll
0x00007ffa98030000 - 0x00007ffa981bf000 	C:\WINDOWS\System32\USER32.dll
0x00007ffa96c90000 - 0x00007ffa96cb0000 	C:\WINDOWS\System32\win32u.dll
0x00007ffa97f40000 - 0x00007ffa97f68000 	C:\WINDOWS\System32\GDI32.dll
0x00007ffa97950000 - 0x00007ffa97ae3000 	C:\WINDOWS\System32\gdi32full.dll
0x00007ffa96fd0000 - 0x00007ffa9706b000 	C:\WINDOWS\System32\msvcp_win.dll
0x00007ffa96cb0000 - 0x00007ffa96da6000 	C:\WINDOWS\System32\ucrtbase.dll
0x00007ffa8f560000 - 0x00007ffa8f7c9000 	C:\WINDOWS\WinSxS\amd64_microsoft.windows.common-controls_6595b64144ccf1df_6.0.16299.431_none_15c7d3ee93659e73\COMCTL32.dll
0x00007ffa98ac0000 - 0x00007ffa98dc8000 	C:\WINDOWS\System32\combase.dll
0x00007ffa97070000 - 0x00007ffa970e2000 	C:\WINDOWS\System32\bcryptPrimitives.dll
0x00007ffa98610000 - 0x00007ffa9863d000 	C:\WINDOWS\System32\IMM32.DLL
0x0000000060f60000 - 0x0000000061032000 	C:\Program Files\Android\Android Studio\jre\jre\bin\msvcr100.dll
0x0000000061120000 - 0x0000000061954000 	C:\Program Files\Android\Android Studio\jre\jre\bin\server\jvm.dll
0x00007ffa98960000 - 0x00007ffa98968000 	C:\WINDOWS\System32\PSAPI.DLL
0x00007ffa92db0000 - 0x00007ffa92dd3000 	C:\WINDOWS\SYSTEM32\WINMM.dll
0x00007ffa90710000 - 0x00007ffa9071a000 	C:\WINDOWS\SYSTEM32\VERSION.dll
0x00007ffa912e0000 - 0x00007ffa912e9000 	C:\WINDOWS\SYSTEM32\WSOCK32.dll
0x00007ffa97ed0000 - 0x00007ffa97f3c000 	C:\WINDOWS\System32\WS2_32.dll
0x00007ffa92a00000 - 0x00007ffa92a2a000 	C:\WINDOWS\SYSTEM32\WINMMBASE.dll
0x00007ffa96db0000 - 0x00007ffa96dfa000 	C:\WINDOWS\System32\cfgmgr32.dll
0x00007ffa912c0000 - 0x00007ffa912cf000 	C:\Program Files\Android\Android Studio\jre\jre\bin\verify.dll
0x00007ffa7b380000 - 0x00007ffa7b3a9000 	C:\Program Files\Android\Android Studio\jre\jre\bin\java.dll
0x00007ffa897f0000 - 0x00007ffa89806000 	C:\Program Files\Android\Android Studio\jre\jre\bin\zip.dll
0x00007ffa99170000 - 0x00007ffa9a5a8000 	C:\WINDOWS\System32\SHELL32.dll
0x00007ffa9a7b0000 - 0x00007ffa9a856000 	C:\WINDOWS\System32\shcore.dll
0x00007ffa971a0000 - 0x00007ffa978e7000 	C:\WINDOWS\System32\windows.storage.dll
0x00007ffa9a750000 - 0x00007ffa9a7a1000 	C:\WINDOWS\System32\shlwapi.dll
0x00007ffa96c70000 - 0x00007ffa96c81000 	C:\WINDOWS\System32\kernel.appcore.dll
0x00007ffa96c20000 - 0x00007ffa96c6c000 	C:\WINDOWS\System32\powrprof.dll
0x00007ffa96c00000 - 0x00007ffa96c1b000 	C:\WINDOWS\System32\profapi.dll
0x00007ffa89740000 - 0x00007ffa8975a000 	C:\Program Files\Android\Android Studio\jre\jre\bin\net.dll
0x00007ffa960c0000 - 0x00007ffa96126000 	C:\WINDOWS\system32\mswsock.dll
0x00007ffa89540000 - 0x00007ffa89551000 	C:\Program Files\Android\Android Studio\jre\jre\bin\nio.dll
0x00007ffa76840000 - 0x00007ffa76852000 	C:\Users\Alghali\.gradle\native\19\windows-amd64\native-platform.dll
0x00007ffa969d0000 - 0x00007ffa969e7000 	C:\WINDOWS\SYSTEM32\CRYPTSP.dll
0x00007ffa95cc0000 - 0x00007ffa95cf3000 	C:\WINDOWS\system32\rsaenh.dll
0x00007ffa969a0000 - 0x00007ffa969c5000 	C:\WINDOWS\SYSTEM32\bcrypt.dll
0x00007ffa96b10000 - 0x00007ffa96b39000 	C:\WINDOWS\SYSTEM32\USERENV.dll
0x00007ffa96280000 - 0x00007ffa9628b000 	C:\WINDOWS\SYSTEM32\CRYPTBASE.dll
0x00007ffa95e50000 - 0x00007ffa95e89000 	C:\WINDOWS\SYSTEM32\IPHLPAPI.DLL
0x00007ffa987a0000 - 0x00007ffa987a8000 	C:\WINDOWS\System32\NSI.dll
0x00007ffa8f100000 - 0x00007ffa8f116000 	C:\WINDOWS\SYSTEM32\dhcpcsvc6.DLL
0x00007ffa8f840000 - 0x00007ffa8f85a000 	C:\WINDOWS\SYSTEM32\dhcpcsvc.DLL
0x00007ffa906d0000 - 0x00007ffa906dd000 	C:\Program Files\Android\Android Studio\jre\jre\bin\management.dll
0x00007ffa7a740000 - 0x00007ffa7a764000 	C:\Program Files\Android\Android Studio\jre\jre\bin\sunec.dll
0x00007ffa95e90000 - 0x00007ffa95f46000 	C:\WINDOWS\SYSTEM32\DNSAPI.dll
0x00007ffa8b970000 - 0x00007ffa8b97a000 	C:\Windows\System32\rasadhlp.dll
0x00007ffa8c160000 - 0x00007ffa8c1d0000 	C:\WINDOWS\System32\fwpuclnt.dll
0x00007ffa967d0000 - 0x00007ffa96998000 	C:\WINDOWS\SYSTEM32\dbghelp.dll

VM Arguments:
jvm_args: -XX:MaxPermSize=256m -XX:+HeapDumpOnOutOfMemoryError -Xmx1024m -Dfile.encoding=windows-1252 -Duser.country=US -Duser.language=en -Duser.variant 
java_command: org.gradle.launcher.daemon.bootstrap.GradleDaemon 2.14.1
java_class_path (initial): C:\Users\Alghali\.gradle\wrapper\dists\gradle-2.14.1-all\8bnwg5hd3w55iofp58khbp6yv\gradle-2.14.1\lib\gradle-launcher-2.14.1.jar
Launcher Type: SUN_STANDARD

Environment Variables:
JAVA_HOME=C:\Program Files\Java\jdk1.8.0_121
PATH=C:\fedena\ImageMagick-6.7.7-Q16;C:\Program Files\ImageMagick-6.7.7-Q16;C:\ProgramData\Oracle\Java\javapath;C:\WINDOWS\system32;C:\WINDOWS;C:\WINDOWS\System32\Wbem;C:\WINDOWS\System32\WindowsPowerShell\v1.0\;C:\Program Files (x86)\Microsoft ASP.NET\ASP.NET Web Pages\v1.0\;C:\Program Files\Microsoft SQL Server\110\Tools\Binn\;C:\Program Files (x86)\Bitvise SSH Client;C:\opencv\build\x86\vc11\bin;C:\Program Files (x86)\Skype\Phone\;C:\Python27;C:\Program Files (x86)\sbt\bin;C:\Program Files (x86)\activator-dist-1.3.7;C:\freeglut\bin\x64;C:\Program Files\Microsoft SQL Server\Client SDK\ODBC\130\Tools\Binn\;C:\Program Files (x86)\Microsoft SQL Server\130\Tools\Binn\;C:\Program Files\Microsoft SQL Server\130\Tools\Binn\;C:\Program Files\Microsoft SQL Server\130\DTS\Binn\;C:\Program Files (x86)\Microsoft SQL Server\Client SDK\ODBC\130\Tools\Binn\;C:\Program Files (x86)\Microsoft SQL Server\130\DTS\Binn\;C:\Program Files (x86)\Microsoft SQL Server\130\Tools\Binn\ManagementStudio\;C:\Program Files\Git\cmd;C:\Program Files (x86)\Yarn\bin\;C:\Program Files\nodejs\;C:\Users\Alghali\AppData\Local\atom\bin;C:\Program Files\Microsoft VS Code\bin;C:\Users\Alghali\AppData\Local\Android\sdk\platform-tools;C:\Users\Alghali\AppData\Local\Microsoft\WindowsApps;C:\Users\Alghali\AppData\Local\Yarn\bin;C:\Users\Alghali\AppData\Roaming\npm
USERNAME=Alghali
OS=Windows_NT
PROCESSOR_IDENTIFIER=Intel64 Family 6 Model 37 Stepping 5, GenuineIntel



---------------  S Y S T E M  ---------------

OS: Windows 10.0 , 64 bit Build 16299 (10.0.16299.431)

CPU:total 4 (2 cores per cpu, 2 threads per core) family 6 model 37 stepping 5, cmov, cx8, fxsr, mmx, sse, sse2, sse3, ssse3, sse4.1, sse4.2, popcnt, aes, clmul, ht, tsc, tscinvbit

Memory: 4k page, physical 4046208k(209200k free), swap 8608172k(1188100k free)

vm_info: OpenJDK 64-Bit Server VM (25.76-b03) for windows-amd64 JRE (1.8.0_76-release-b03), built on Jun 29 2016 19:09:20 by "ralucas" with MS VC++ 10.0 (VS2010)

time: Sat May 19 18:20:50 2018
elapsed time: 91 seconds (0d 0h 1m 31s)

